<?xml version="1.0" encoding="UTF-8"?>
<!-- Generated by org.testng.reporters.JUnitReportReporter -->
<testsuite hostname="LAPTOP-7HNB2UR4" failures="0" tests="1" name="runnerFiles.LoginRunner2" time="0.008" errors="0" timestamp="17 Jul 2020 09:27:00 GMT">
  <testcase classname="runnerFiles.LoginRunner2" name="feature" time="0.008"/>
</testsuite> <!-- runnerFiles.LoginRunner2 -->
