<?xml version="1.0" encoding="UTF-8"?>
<!-- Generated by org.testng.reporters.JUnitReportReporter -->
<testsuite hostname="LAPTOP-7HNB2UR4" failures="0" tests="1" name="com.org.tests.Covid19Api" time="2.138" errors="0" timestamp="2021-05-02T16:50:41 IST" skipped="0">
  <testcase classname="com.org.tests.Covid19Api" name="getAPITest" time="2.138"/>
  <system-out/>
</testsuite> <!-- com.org.tests.Covid19Api -->
