<?xml version="1.0" encoding="UTF-8"?>
<!-- Generated by org.testng.reporters.JUnitReportReporter -->
<testsuite hostname="LAPTOP-7HNB2UR4" failures="0" tests="1" name="com.org.tests.Deleteapitest" time="1.673" errors="0" timestamp="2020-11-06T17:18:45 IST" skipped="0">
  <testcase classname="com.org.tests.Deleteapitest" name="getAPITest" time="1.673"/>
  <system-out/>
</testsuite> <!-- com.org.tests.Deleteapitest -->
