<?xml version="1.0" encoding="UTF-8"?>
<!-- Generated by org.testng.reporters.JUnitReportReporter -->
<testsuite hostname="LAPTOP-7HNB2UR4" failures="0" tests="1" name="com.org.tests.Postapitest" time="0.713" errors="0" timestamp="2020-11-06T17:18:45 IST" skipped="0">
  <testcase classname="com.org.tests.Postapitest" name="getAPITest" time="0.713"/>
  <system-out/>
</testsuite> <!-- com.org.tests.Postapitest -->
