<?xml version="1.0" encoding="UTF-8"?>
<!-- Generated by org.testng.reporters.JUnitReportReporter -->
<testsuite hostname="LAPTOP-7HNB2UR4" failures="0" tests="1" name="com.org.tests.Getapitest" time="4.654" errors="0" timestamp="2021-05-02T16:46:58 IST" skipped="0">
  <testcase classname="com.org.tests.Getapitest" name="getAPITest" time="4.654"/>
  <system-out/>
</testsuite> <!-- com.org.tests.Getapitest -->
