<?xml version="1.0" encoding="UTF-8"?>
<!-- Generated by org.testng.reporters.JUnitReportReporter -->
<testsuite hostname="LAPTOP-7HNB2UR4" failures="0" tests="2" name="inheritTestNG.Test1" time="31.229" errors="0" timestamp="2020-06-28T14:05:40 IST" skipped="0">
  <testcase classname="inheritTestNG.Test1" name="ValidLogin" time="20.904"/>
  <system-out/>
  <testcase classname="inheritTestNG.Test1" name="InValidLogin" time="10.325"/>
  <system-out/>
</testsuite> <!-- inheritTestNG.Test1 -->
