<?xml version="1.0" encoding="UTF-8"?>
<!-- Generated by org.testng.reporters.JUnitReportReporter -->
<testsuite hostname="LAPTOP-7HNB2UR4" failures="0" tests="1" name="handleFrames.Frames" time="2.254" errors="0" timestamp="2020-08-02T11:33:29 IST" skipped="0">
  <testcase classname="handleFrames.Frames" name="testFrame" time="2.254"/>
  <system-out/>
</testsuite> <!-- handleFrames.Frames -->
