<?xml version="1.0" encoding="UTF-8"?>
<!-- Generated by org.testng.reporters.JUnitReportReporter -->
<testsuite hostname="LAPTOP-7HNB2UR4" failures="0" tests="7" name="testNGmethods.InvocationCount_Enabled" time="0.012" errors="0" timestamp="2020-06-27T19:21:55 IST" skipped="1">
  <testcase classname="testNGmethods.InvocationCount_Enabled" name="signup" time="0.002"/>
  <system-out>
user signup  </system-out>
  <testcase classname="testNGmethods.InvocationCount_Enabled" name="logout" time="0.001"/>
  <system-out>
user logout  </system-out>
  <testcase classname="testNGmethods.InvocationCount_Enabled" name="logout" time="0.007"/>
  <system-out>
user logout  </system-out>
  <testcase classname="testNGmethods.InvocationCount_Enabled" name="logout" time="0.001"/>
  <system-out>
user logout  </system-out>
  <testcase classname="testNGmethods.InvocationCount_Enabled" name="logout" time="0.001"/>
  <system-out>
user logout  </system-out>
  <testcase classname="testNGmethods.InvocationCount_Enabled" name="logout" time="0.000"/>
  <system-out>
user logout  </system-out>
  <testcase classname="testNGmethods.InvocationCount_Enabled" name="login">
    <skipped/>
  </testcase> <!-- login -->
  <system-out/>
</testsuite> <!-- testNGmethods.InvocationCount_Enabled -->
