<?xml version="1.0" encoding="UTF-8"?>
<!-- Generated by org.testng.reporters.JUnitReportReporter -->
<testsuite hostname="LAPTOP-7HNB2UR4" failures="0" tests="2" name="inheritTestNG.TestLogin" time="40.324" errors="0" timestamp="2020-06-28T14:09:25 IST" skipped="0">
  <testcase classname="inheritTestNG.TestLogin" name="InValidLogin" time="19.751"/>
  <system-out/>
  <testcase classname="inheritTestNG.TestLogin" name="ValidLogin" time="20.573"/>
  <system-out/>
</testsuite> <!-- inheritTestNG.TestLogin -->
