<?xml version="1.0" encoding="UTF-8"?>
<!-- Generated by org.testng.reporters.JUnitReportReporter -->
<testsuite hostname="LAPTOP-7HNB2UR4" failures="0" tests="2" name="group_execution.Demo" time="0.010" errors="0" timestamp="2020-06-28T12:13:43 IST" skipped="0">
  <testcase classname="group_execution.Demo" name="method1" time="0.008"/>
  <system-out>
perform smoke testing  </system-out>
  <testcase classname="group_execution.Demo" name="method2" time="0.002"/>
  <system-out>
perform smoke testing/perform functional testing  </system-out>
</testsuite> <!-- group_execution.Demo -->
