<?xml version="1.0" encoding="UTF-8"?>
<!-- Generated by org.testng.reporters.JUnitReportReporter -->
<testsuite hostname="LAPTOP-7HNB2UR4" failures="0" tests="2" name="testNGmethods.DemoProgram1" time="0.002" errors="0" timestamp="2020-06-27T18:52:38 IST" skipped="0">
  <testcase classname="testNGmethods.DemoProgram1" name="pro1" time="0.001"/>
  <system-out>
kiran  </system-out>
  <testcase classname="testNGmethods.DemoProgram1" name="pro2" time="0.001"/>
  <system-out>
supriya  </system-out>
</testsuite> <!-- testNGmethods.DemoProgram1 -->
