<?xml version="1.0" encoding="UTF-8"?>
<!-- Generated by org.testng.reporters.JUnitReportReporter -->
<testsuite hostname="LAPTOP-7HNB2UR4" failures="0" tests="2" name="group_execution.Assertions_example" time="0.013" errors="0" timestamp="2020-06-28T12:46:17 IST" skipped="0">
  <testcase classname="group_execution.Assertions_example" name="m1" time="0.009"/>
  <system-out>
second method  </system-out>
  <testcase classname="group_execution.Assertions_example" name="method" time="0.004"/>
  <system-out>
last line is executes  </system-out>
</testsuite> <!-- group_execution.Assertions_example -->
