<?xml version="1.0" encoding="UTF-8"?>
<!-- Generated by org.testng.reporters.JUnitReportReporter -->
<testsuite hostname="LAPTOP-7HNB2UR4" failures="0" tests="3" name="inheritTestNG.Base_Class" time="42.475" errors="0" timestamp="2020-08-03T19:19:20 IST" skipped="0">
  <testcase classname="inheritTestNG.Base_Class" name="gmailLink" time="13.664"/>
  <system-out/>
  <testcase classname="inheritTestNG.Base_Class" name="imagesLink" time="13.315"/>
  <system-out/>
  <testcase classname="inheritTestNG.Base_Class" name="googleLogo" time="15.496"/>
  <system-out/>
</testsuite> <!-- inheritTestNG.Base_Class -->
