<?xml version="1.0" encoding="UTF-8"?>
<!-- Generated by org.testng.reporters.JUnitReportReporter -->
<testsuite hostname="LAPTOP-7HNB2UR4" failures="0" tests="2" name="testNGmethods.DemoProgram" time="0.001" errors="0" timestamp="2020-06-27T19:21:55 IST" skipped="0">
  <testcase classname="testNGmethods.DemoProgram" name="pro1" time="0.001"/>
  <system-out>
kiran  </system-out>
  <testcase classname="testNGmethods.DemoProgram" name="pro" time="0.000"/>
  <system-out>
subhash  </system-out>
</testsuite> <!-- testNGmethods.DemoProgram -->
