<?xml version="1.0" encoding="UTF-8"?>
<!-- Generated by org.testng.reporters.JUnitReportReporter -->
<testsuite hostname="LAPTOP-7HNB2UR4" failures="0" tests="2" name="testNGmethods.DemoProgram2" time="0.002" errors="0" timestamp="2020-06-27T19:21:55 IST" skipped="0">
  <testcase classname="testNGmethods.DemoProgram2" name="test2" time="0.001"/>
  <system-out>
telangana  </system-out>
  <testcase classname="testNGmethods.DemoProgram2" name="test" time="0.001"/>
  <system-out>
india  </system-out>
</testsuite> <!-- testNGmethods.DemoProgram2 -->
