<?xml version="1.0" encoding="UTF-8"?>
<!-- Generated by org.testng.reporters.JUnitReportReporter -->
<testsuite hostname="LAPTOP-7HNB2UR4" failures="0" tests="4" name="testNGmethods.DependsOnMethods" time="0.006" errors="0" timestamp="2020-06-27T19:21:55 IST" skipped="0">
  <testcase classname="testNGmethods.DependsOnMethods" name="login" time="0.001"/>
  <system-out>
user login  </system-out>
  <testcase classname="testNGmethods.DependsOnMethods" name="performtask" time="0.002"/>
  <system-out>
user perform  </system-out>
  <testcase classname="testNGmethods.DependsOnMethods" name="signup" time="0.001"/>
  <system-out>
user signup  </system-out>
  <testcase classname="testNGmethods.DependsOnMethods" name="logout" time="0.002"/>
  <system-out>
user logout  </system-out>
</testsuite> <!-- testNGmethods.DependsOnMethods -->
